<?xml version="1.0" encoding="UTF-8"?>
<!-- Generated by org.testng.reporters.JUnitReportReporter -->
<testsuite skipped="0" hostname="DESKTOP-TO1J636" name="testAPI.GETAPITest" tests="2" failures="0" timestamp="5 Jan 2021 04:29:28 GMT" time="4.579" errors="0">
  <testcase name="getAPITest1" time="1.298" classname="testAPI.GETAPITest"/>
  <testcase name="getAPITest" time="3.281" classname="testAPI.GETAPITest"/>
</testsuite> <!-- testAPI.GETAPITest -->
