<?xml version="1.0" encoding="UTF-8"?>
<!-- Generated by org.testng.reporters.JUnitReportReporter -->
<testsuite skipped="0" hostname="DESKTOP-TO1J636" name="testAPI.GETAPITest5" tests="2" failures="0" timestamp="5 Jan 2021 04:29:28 GMT" time="2.778" errors="0">
  <testcase name="getAPITest1" time="1.902" classname="testAPI.GETAPITest5"/>
  <testcase name="getAPITest" time="0.876" classname="testAPI.GETAPITest5"/>
</testsuite> <!-- testAPI.GETAPITest5 -->
