<?xml version="1.0" encoding="UTF-8"?>
<!-- Generated by org.testng.reporters.JUnitReportReporter -->
<testsuite skipped="0" hostname="DESKTOP-TO1J636" name="testAPI.GETAPITest7" tests="2" failures="0" timestamp="5 Jan 2021 04:29:28 GMT" time="2.867" errors="0">
  <testcase name="getAPITest" time="0.948" classname="testAPI.GETAPITest7"/>
  <testcase name="getAPITest1" time="1.919" classname="testAPI.GETAPITest7"/>
</testsuite> <!-- testAPI.GETAPITest7 -->
