<?xml version="1.0" encoding="UTF-8"?>
<!-- Generated by org.testng.reporters.JUnitReportReporter -->
<testsuite skipped="0" hostname="DESKTOP-TO1J636" name="testAPI.GETAPITest1" tests="2" failures="0" timestamp="5 Jan 2021 04:29:28 GMT" time="2.446" errors="0">
  <testcase name="getAPITest" time="0.873" classname="testAPI.GETAPITest1"/>
  <testcase name="getAPITest1" time="1.573" classname="testAPI.GETAPITest1"/>
</testsuite> <!-- testAPI.GETAPITest1 -->
